\BOOKMARK [0][-]{chapter*.2}{\376\377\000I\000n\000t\000r\000o\000d\000u\000c\000t\000i\000o\000n}{}% 1
\BOOKMARK [0][-]{chapter.1}{\376\377\000O\000b\000j\000e\000c\000t\000i\000v\000e\000-\000C}{}% 2
\BOOKMARK [1][-]{section.1.1}{\376\377\000F\000o\000r\000e\000w\000o\000r\000d}{chapter.1}% 3
\BOOKMARK [1][-]{section.1.2}{\376\377\000B\000r\000i\000e\000f\000\040\000h\000i\000s\000t\000o\000r\000y\000\040\000o\000f\000\040\000O\000b\000j\000e\000c\000t\000i\000v\000e\000-\000C}{chapter.1}% 4
\BOOKMARK [1][-]{section.1.3}{\376\377\000C\000o\000m\000p\000i\000l\000a\000t\000i\000o\000n\000\040\000o\000f\000\040\000O\000b\000j\000e\000c\000t\000i\000v\000e\000-\000C}{chapter.1}% 5
\BOOKMARK [2][-]{subsection.1.3.1}{\376\377\000C\000a\000l\000l\000i\000n\000g\000\040\000m\000e\000t\000h\000o\000d\000s}{section.1.3}% 6
\BOOKMARK [2][-]{subsection.1.3.2}{\376\377\000C\000r\000e\000a\000t\000i\000n\000g\000\040\000C\000l\000a\000s\000s\000e\000s\000\040\000P\000r\000o\000g\000r\000a\000m\000m\000a\000t\000i\000c\000a\000l\000l\000y}{section.1.3}% 7
\BOOKMARK [2][-]{subsection.1.3.3}{\376\377\000T\000r\000a\000n\000s\000l\000a\000t\000i\000n\000g\000\040\000M\000e\000t\000h\000o\000d\000s\000\040\000t\000o\000\040\000F\000u\000n\000c\000t\000i\000o\000n\000s}{section.1.3}% 8
\BOOKMARK [0][-]{chapter.2}{\376\377\000A\000p\000p\000l\000e\000'\000s\000\040\000I\000m\000p\000l\000e\000m\000e\000n\000t\000a\000t\000i\000o\000n}{}% 9
\BOOKMARK [1][-]{section.2.1}{\376\377\000P\000o\000r\000t\000a\000b\000i\000l\000i\000t\000y}{chapter.2}% 10
\BOOKMARK [2][-]{subsection.2.1.1}{\376\377\000E\000x\000a\000m\000p\000l\000e\000\040\0001\000\040\000-\000\040\000m\000a\000l\000l\000o\000c}{section.2.1}% 11
\BOOKMARK [2][-]{subsection.2.1.2}{\376\377\000E\000x\000a\000m\000p\000l\000e\000\040\0002\000\040\000-\000\040\000i\000s\000s\000e\000t\000g\000u\000i\000d}{section.2.1}% 12
\BOOKMARK [1][-]{section.2.2}{\376\377\000L\000i\000m\000i\000t\000a\000t\000i\000o\000n\000s}{chapter.2}% 13
\BOOKMARK [2][-]{subsection.2.2.1}{\376\377\0001\0006\000B\000\040\000O\000b\000j\000e\000c\000t\000\040\000M\000i\000n\000i\000m\000u\000m\000\040\000S\000i\000z\000e}{section.2.2}% 14
\BOOKMARK [2][-]{subsection.2.2.2}{\376\377\000D\000y\000n\000a\000m\000i\000c\000\040\000L\000o\000a\000d\000e\000r\000\040\000S\000u\000p\000p\000o\000r\000t}{section.2.2}% 15
\BOOKMARK [2][-]{subsection.2.2.3}{\376\377\000C\000+\000+\000\040\000I\000n\000f\000l\000u\000e\000n\000c\000e\000s}{section.2.2}% 16
\BOOKMARK [1][-]{section.2.3}{\376\377\000S\000u\000m\000m\000a\000r\000y}{chapter.2}% 17
\BOOKMARK [0][-]{chapter.3}{\376\377\000G\000C\000C\000\040\000I\000m\000p\000l\000e\000m\000e\000n\000t\000a\000t\000i\000o\000n}{}% 18
\BOOKMARK [1][-]{section.3.1}{\376\377\000D\000i\000f\000f\000e\000r\000e\000n\000c\000e\000s\000\040\000f\000r\000o\000m\000\040\000A\000p\000p\000l\000e\000'\000s\000\040\000I\000m\000p\000l\000e\000m\000e\000n\000t\000a\000t\000i\000o\000n}{chapter.3}% 19
\BOOKMARK [2][-]{subsection.3.1.1}{\376\377\000M\000e\000s\000s\000a\000g\000e\000\040\000S\000e\000n\000d\000i\000n\000g}{section.3.1}% 20
\BOOKMARK [2][-]{subsection.3.1.2}{\376\377\000M\000o\000d\000u\000l\000e\000\040\000L\000o\000a\000d\000i\000n\000g}{section.3.1}% 21
\BOOKMARK [2][-]{subsection.3.1.3}{\376\377\000T\000y\000p\000e\000d\000\040\000S\000e\000l\000e\000c\000t\000o\000r\000s}{section.3.1}% 22
\BOOKMARK [1][-]{section.3.2}{\376\377\000P\000o\000r\000t\000a\000b\000i\000l\000i\000t\000y\000\040\000a\000n\000d\000\040\000L\000i\000m\000i\000t\000a\000t\000i\000o\000n\000s}{chapter.3}% 23
\BOOKMARK [0][-]{chapter.4}{\376\377\000\311\000t\000o\000i\000l\000\351\000\040\000/\000\040\000G\000N\000U\000s\000t\000e\000p}{}% 24
\BOOKMARK [1][-]{section.4.1}{\376\377\000\311\000t\000o\000i\000l\000\351}{chapter.4}% 25
\BOOKMARK [2][-]{subsection.4.1.1}{\376\377\000S\000l\000o\000t\000s}{section.4.1}% 26
\BOOKMARK [2][-]{subsection.4.1.2}{\376\377\000I\000n\000l\000i\000n\000e\000\040\000C\000a\000c\000h\000i\000n\000g}{section.4.1}% 27
\BOOKMARK [2][-]{subsection.4.1.3}{\376\377\000M\000e\000s\000s\000a\000g\000e\000\040\000S\000e\000n\000d\000i\000n\000g}{section.4.1}% 28
\BOOKMARK [2][-]{subsection.4.1.4}{\376\377\000T\000a\000g\000s}{section.4.1}% 29
\BOOKMARK [2][-]{subsection.4.1.5}{\376\377\000M\000e\000t\000a\000c\000l\000a\000s\000s\000e\000s}{section.4.1}% 30
\BOOKMARK [0][-]{chapter*.3}{\376\377\000C\000o\000n\000c\000l\000u\000s\000i\000o\000n}{}% 31
\BOOKMARK [0][-]{chapter*.4}{\376\377\000B\000i\000b\000l\000i\000o\000g\000r\000a\000p\000h\000y}{}% 32
\BOOKMARK [0][-]{chapter*.5}{\376\377\000L\000i\000s\000t\000\040\000o\000f\000\040\000T\000a\000b\000l\000e\000s}{}% 33
\BOOKMARK [0][-]{chapter*.6}{\376\377\000L\000i\000s\000t\000\040\000o\000f\000\040\000A\000b\000b\000r\000e\000v\000i\000a\000t\000i\000o\000n\000s}{}% 34
\BOOKMARK [0][-]{chapter*.7}{\376\377\000A\000t\000t\000a\000c\000h\000m\000e\000n\000t\000s}{}% 35
